2018-06-30 15:51:31.278 [main] DEBUG cn.schoolo2o.schoolo2o.service.ShopServiceTest - Running with Spring Boot v2.0.3.RELEASE, Spring v5.0.7.RELEASE
2018-06-30 15:51:48.376 [main] DEBUG cn.schoolo2o.schoolo2o.service.ShopServiceTest - Running with Spring Boot v2.0.3.RELEASE, Spring v5.0.7.RELEASE
2018-06-30 15:53:38.934 [main] DEBUG cn.schoolo2o.schoolo2o.service.ShopServiceTest - Running with Spring Boot v2.0.3.RELEASE, Spring v5.0.7.RELEASE
2018-06-30 15:53:46.838 [main] DEBUG c.schoolo2o.schoolo2o.mapper.ShopMapper.insertShop - ==>  Preparing: INSERT INTO o2odb.tb_shop (owner_id, area_id, shop_category_id, shop_name, shop_desc,shop_addr, phone, shop_img, priority, create_time,last_edit_time, enable_status, advice ) VALUES (?, ?, ?, ?, ?, ?, ?, ?, ?, ?, ?, ?, ? ); 
2018-06-30 15:53:46.901 [main] DEBUG c.schoolo2o.schoolo2o.mapper.ShopMapper.insertShop - ==> Parameters: 1(Long), 2(Long), 1(Long), 笑嘻嘻1(String), null, null, test1(String), null, null, 2018-06-30 15:53:46.806(Timestamp), 2018-06-30 15:53:46.806(Timestamp), 0(Integer), 审核中1(String)
2018-06-30 15:53:46.905 [main] DEBUG c.schoolo2o.schoolo2o.mapper.ShopMapper.insertShop - <==    Updates: 1
2018-06-30 15:57:15.893 [main] DEBUG cn.schoolo2o.schoolo2o.service.ShopServiceTest - Running with Spring Boot v2.0.3.RELEASE, Spring v5.0.7.RELEASE
2018-06-30 15:57:22.932 [main] DEBUG c.schoolo2o.schoolo2o.mapper.ShopMapper.insertShop - ==>  Preparing: INSERT INTO o2odb.tb_shop (owner_id, area_id, shop_category_id, shop_name, shop_desc,shop_addr, phone, shop_img, priority, create_time,last_edit_time, enable_status, advice ) VALUES (?, ?, ?, ?, ?, ?, ?, ?, ?, ?, ?, ?, ? ); 
2018-06-30 15:57:22.972 [main] DEBUG c.schoolo2o.schoolo2o.mapper.ShopMapper.insertShop - ==> Parameters: 1(Long), 2(Long), 1(Long), 笑嘻嘻1(String), null, null, test1(String), null, null, 2018-06-30 15:57:22.904(Timestamp), 2018-06-30 15:57:22.904(Timestamp), 0(Integer), 审核中1(String)
2018-06-30 15:57:22.972 [main] DEBUG c.schoolo2o.schoolo2o.mapper.ShopMapper.insertShop - <==    Updates: 1
2018-06-30 15:59:33.300 [main] DEBUG cn.schoolo2o.schoolo2o.service.ShopServiceTest - Running with Spring Boot v2.0.3.RELEASE, Spring v5.0.7.RELEASE
2018-06-30 15:59:40.708 [main] DEBUG c.schoolo2o.schoolo2o.mapper.ShopMapper.insertShop - ==>  Preparing: INSERT INTO o2odb.tb_shop (owner_id, area_id, shop_category_id, shop_name, shop_desc,shop_addr, phone, shop_img, priority, create_time,last_edit_time, enable_status, advice ) VALUES (?, ?, ?, ?, ?, ?, ?, ?, ?, ?, ?, ?, ? ); 
2018-06-30 15:59:40.769 [main] DEBUG c.schoolo2o.schoolo2o.mapper.ShopMapper.insertShop - ==> Parameters: 1(Long), 2(Long), 1(Long), 笑嘻嘻1(String), null, null, test1(String), null, null, 2018-06-30 15:59:40.661(Timestamp), 2018-06-30 15:59:40.661(Timestamp), 0(Integer), 审核中1(String)
2018-06-30 15:59:40.773 [main] DEBUG c.schoolo2o.schoolo2o.mapper.ShopMapper.insertShop - <==    Updates: 1
2018-06-30 16:03:40.929 [main] DEBUG cn.schoolo2o.schoolo2o.service.ShopServiceTest - Running with Spring Boot v2.0.3.RELEASE, Spring v5.0.7.RELEASE
2018-06-30 16:03:47.811 [main] DEBUG c.schoolo2o.schoolo2o.mapper.ShopMapper.insertShop - ==>  Preparing: INSERT INTO o2odb.tb_shop (owner_id, area_id, shop_category_id, shop_name, shop_desc,shop_addr, phone, shop_img, priority, create_time,last_edit_time, enable_status, advice ) VALUES (?, ?, ?, ?, ?, ?, ?, ?, ?, ?, ?, ?, ? ); 
2018-06-30 16:03:47.855 [main] DEBUG c.schoolo2o.schoolo2o.mapper.ShopMapper.insertShop - ==> Parameters: 1(Long), 2(Long), 1(Long), 笑嘻嘻1(String), null, null, test1(String), null, null, 2018-06-30 16:03:47.775(Timestamp), 2018-06-30 16:03:47.775(Timestamp), 0(Integer), 审核中1(String)
2018-06-30 16:03:47.855 [main] DEBUG c.schoolo2o.schoolo2o.mapper.ShopMapper.insertShop - <==    Updates: 1
2018-06-30 16:05:03.158 [main] DEBUG cn.schoolo2o.schoolo2o.service.ShopServiceTest - Running with Spring Boot v2.0.3.RELEASE, Spring v5.0.7.RELEASE
2018-06-30 16:05:10.223 [main] DEBUG c.schoolo2o.schoolo2o.mapper.ShopMapper.insertShop - ==>  Preparing: INSERT INTO o2odb.tb_shop (owner_id, area_id, shop_category_id, shop_name, shop_desc,shop_addr, phone, shop_img, priority, create_time,last_edit_time, enable_status, advice ) VALUES (?, ?, ?, ?, ?, ?, ?, ?, ?, ?, ?, ?, ? ); 
2018-06-30 16:05:10.307 [main] DEBUG c.schoolo2o.schoolo2o.mapper.ShopMapper.insertShop - ==> Parameters: 1(Long), 2(Long), 1(Long), 笑嘻嘻1(String), null, null, test1(String), null, null, 2018-06-30 16:05:10.183(Timestamp), 2018-06-30 16:05:10.183(Timestamp), 0(Integer), 审核中1(String)
2018-06-30 16:05:10.307 [main] DEBUG c.schoolo2o.schoolo2o.mapper.ShopMapper.insertShop - <==    Updates: 1
2018-06-30 16:11:07.481 [main] DEBUG cn.schoolo2o.schoolo2o.service.ShopServiceTest - Running with Spring Boot v2.0.3.RELEASE, Spring v5.0.7.RELEASE
2018-06-30 16:11:14.396 [main] DEBUG cn.schoolo2o.schoolo2o.util.ImageUtil - 我是日志
2018-06-30 16:11:14.452 [main] DEBUG c.schoolo2o.schoolo2o.mapper.ShopMapper.insertShop - ==>  Preparing: INSERT INTO o2odb.tb_shop (owner_id, area_id, shop_category_id, shop_name, shop_desc,shop_addr, phone, shop_img, priority, create_time,last_edit_time, enable_status, advice ) VALUES (?, ?, ?, ?, ?, ?, ?, ?, ?, ?, ?, ?, ? ); 
2018-06-30 16:11:14.568 [main] DEBUG c.schoolo2o.schoolo2o.mapper.ShopMapper.insertShop - ==> Parameters: 1(Long), 2(Long), 1(Long), 笑嘻嘻1(String), null, null, test1(String), null, null, 2018-06-30 16:11:14.396(Timestamp), 2018-06-30 16:11:14.396(Timestamp), 0(Integer), 审核中1(String)
2018-06-30 16:11:14.572 [main] DEBUG c.schoolo2o.schoolo2o.mapper.ShopMapper.insertShop - <==    Updates: 1
2018-06-30 16:13:06.175 [main] DEBUG cn.schoolo2o.schoolo2o.service.ShopServiceTest - Running with Spring Boot v2.0.3.RELEASE, Spring v5.0.7.RELEASE
2018-06-30 16:13:13.218 [main] DEBUG c.schoolo2o.schoolo2o.mapper.ShopMapper.insertShop - ==>  Preparing: INSERT INTO o2odb.tb_shop (owner_id, area_id, shop_category_id, shop_name, shop_desc,shop_addr, phone, shop_img, priority, create_time,last_edit_time, enable_status, advice ) VALUES (?, ?, ?, ?, ?, ?, ?, ?, ?, ?, ?, ?, ? ); 
2018-06-30 16:13:13.262 [main] DEBUG c.schoolo2o.schoolo2o.mapper.ShopMapper.insertShop - ==> Parameters: 1(Long), 2(Long), 1(Long), 笑嘻嘻1(String), null, null, test1(String), null, null, 2018-06-30 16:13:13.18(Timestamp), 2018-06-30 16:13:13.18(Timestamp), 0(Integer), 审核中1(String)
2018-06-30 16:13:13.266 [main] DEBUG c.schoolo2o.schoolo2o.mapper.ShopMapper.insertShop - <==    Updates: 1
2018-06-30 16:15:47.879 [main] DEBUG cn.schoolo2o.schoolo2o.service.ShopServiceTest - Running with Spring Boot v2.0.3.RELEASE, Spring v5.0.7.RELEASE
2018-06-30 16:15:54.365 [main] DEBUG c.schoolo2o.schoolo2o.mapper.ShopMapper.insertShop - ==>  Preparing: INSERT INTO o2odb.tb_shop (owner_id, area_id, shop_category_id, shop_name, shop_desc,shop_addr, phone, shop_img, priority, create_time,last_edit_time, enable_status, advice ) VALUES (?, ?, ?, ?, ?, ?, ?, ?, ?, ?, ?, ?, ? ); 
2018-06-30 16:15:54.441 [main] DEBUG c.schoolo2o.schoolo2o.mapper.ShopMapper.insertShop - ==> Parameters: 1(Long), 2(Long), 1(Long), 笑嘻嘻1(String), null, null, test1(String), null, null, 2018-06-30 16:15:54.329(Timestamp), 2018-06-30 16:15:54.329(Timestamp), 0(Integer), 审核中1(String)
2018-06-30 16:15:54.441 [main] DEBUG c.schoolo2o.schoolo2o.mapper.ShopMapper.insertShop - <==    Updates: 1
2018-06-30 16:17:30.514 [main] DEBUG cn.schoolo2o.schoolo2o.service.ShopServiceTest - Running with Spring Boot v2.0.3.RELEASE, Spring v5.0.7.RELEASE
2018-06-30 16:17:38.131 [main] DEBUG c.schoolo2o.schoolo2o.mapper.ShopMapper.insertShop - ==>  Preparing: INSERT INTO o2odb.tb_shop (shop_id,owner_id, area_id, shop_category_id, shop_name, shop_desc,shop_addr, phone, shop_img, priority, create_time,last_edit_time, enable_status, advice ) VALUES (?, ?, ?, ?, ?, ?, ?, ?, ?, ?, ?, ?, ?, ? ); 
2018-06-30 16:17:38.178 [main] DEBUG c.schoolo2o.schoolo2o.mapper.ShopMapper.insertShop - ==> Parameters: null, 1(Long), 2(Long), 1(Long), 笑嘻嘻1(String), null, null, test1(String), null, null, 2018-06-30 16:17:38.103(Timestamp), 2018-06-30 16:17:38.103(Timestamp), 0(Integer), 审核中1(String)
2018-06-30 16:17:38.182 [main] DEBUG c.schoolo2o.schoolo2o.mapper.ShopMapper.insertShop - <==    Updates: 1
2018-06-30 16:20:17.207 [main] DEBUG cn.schoolo2o.schoolo2o.service.ShopServiceTest - Running with Spring Boot v2.0.3.RELEASE, Spring v5.0.7.RELEASE
2018-06-30 16:20:24.110 [main] DEBUG c.schoolo2o.schoolo2o.mapper.ShopMapper.insertShop - ==>  Preparing: INSERT INTO o2odb.tb_shop (shop_id,owner_id, area_id, shop_category_id, shop_name, shop_desc,shop_addr, phone, shop_img, priority, create_time,last_edit_time, enable_status, advice ) VALUES (?, ?, ?, ?, ?, ?, ?, ?, ?, ?, ?, ?, ?, ? ); 
2018-06-30 16:20:24.167 [main] DEBUG c.schoolo2o.schoolo2o.mapper.ShopMapper.insertShop - ==> Parameters: null, null, 2(Long), 1(Long), 笑嘻嘻1(String), null, null, test1(String), null, null, 2018-06-30 16:20:24.07(Timestamp), 2018-06-30 16:20:24.07(Timestamp), 0(Integer), 审核中1(String)
2018-06-30 16:21:34.406 [main] DEBUG cn.schoolo2o.schoolo2o.service.ShopServiceTest - Running with Spring Boot v2.0.3.RELEASE, Spring v5.0.7.RELEASE
2018-06-30 16:21:41.180 [main] DEBUG c.schoolo2o.schoolo2o.mapper.ShopMapper.insertShop - ==>  Preparing: INSERT INTO o2odb.tb_shop (shop_id,owner_id, area_id, shop_category_id, shop_name, shop_desc,shop_addr, phone, shop_img, priority, create_time,last_edit_time, enable_status, advice ) VALUES (?, ?, ?, ?, ?, ?, ?, ?, ?, ?, ?, ?, ?, ? ); 
2018-06-30 16:21:41.231 [main] DEBUG c.schoolo2o.schoolo2o.mapper.ShopMapper.insertShop - ==> Parameters: null, 1(Long), 2(Long), 1(Long), 笑嘻嘻1(String), null, null, test1(String), null, null, 2018-06-30 16:21:41.152(Timestamp), 2018-06-30 16:21:41.152(Timestamp), 0(Integer), 审核中1(String)
2018-06-30 16:21:41.235 [main] DEBUG c.schoolo2o.schoolo2o.mapper.ShopMapper.insertShop - <==    Updates: 1
2018-06-30 16:22:57.852 [main] DEBUG cn.schoolo2o.schoolo2o.service.ShopServiceTest - Running with Spring Boot v2.0.3.RELEASE, Spring v5.0.7.RELEASE
2018-06-30 16:23:04.483 [main] DEBUG c.schoolo2o.schoolo2o.mapper.ShopMapper.insertShop - ==>  Preparing: INSERT INTO o2odb.tb_shop (shop_id,owner_id, area_id, shop_category_id, shop_name, shop_desc,shop_addr, phone, shop_img, priority, create_time,last_edit_time, enable_status, advice ) VALUES (?, ?, ?, ?, ?, ?, ?, ?, ?, ?, ?, ?, ?, ? ); 
2018-06-30 16:23:04.566 [main] DEBUG c.schoolo2o.schoolo2o.mapper.ShopMapper.insertShop - ==> Parameters: null, 1(Long), 2(Long), 1(Long), 笑嘻嘻1(String), null, null, test1(String), null, null, 2018-06-30 16:23:04.443(Timestamp), 2018-06-30 16:23:04.443(Timestamp), 0(Integer), 审核中1(String)
2018-06-30 16:23:04.570 [main] DEBUG c.schoolo2o.schoolo2o.mapper.ShopMapper.insertShop - <==    Updates: 1
2018-06-30 16:46:57.666 [main] DEBUG cn.schoolo2o.schoolo2o.service.ShopServiceTest - Running with Spring Boot v2.0.3.RELEASE, Spring v5.0.7.RELEASE
2018-06-30 16:47:04.867 [main] DEBUG c.schoolo2o.schoolo2o.mapper.ShopMapper.insertShop - ==>  Preparing: INSERT INTO o2odb.tb_shop (owner_id, area_id, shop_category_id, shop_name, shop_desc,shop_addr, phone, shop_img, priority, create_time,last_edit_time, enable_status, advice ) VALUES (?, ?, ?, ?, ?, ?, ?, ?, ?, ?, ?, ?, ? ); 
2018-06-30 16:47:04.921 [main] DEBUG c.schoolo2o.schoolo2o.mapper.ShopMapper.insertShop - ==> Parameters: 1(Long), 2(Long), 1(Long), 笑嘻嘻1(String), null, null, test1(String), null, null, 2018-06-30 16:47:04.836(Timestamp), 2018-06-30 16:47:04.836(Timestamp), 0(Integer), 审核中1(String)
2018-06-30 16:47:04.921 [main] DEBUG c.schoolo2o.schoolo2o.mapper.ShopMapper.insertShop - <==    Updates: 1
2018-06-30 16:50:16.486 [main] DEBUG cn.schoolo2o.schoolo2o.service.ShopServiceTest - Running with Spring Boot v2.0.3.RELEASE, Spring v5.0.7.RELEASE
2018-06-30 16:50:24.787 [main] DEBUG c.schoolo2o.schoolo2o.mapper.ShopMapper.insertShop - ==>  Preparing: INSERT INTO o2odb.tb_shop (owner_id, area_id, shop_category_id, shop_name, shop_desc,shop_addr, phone, shop_img, priority, create_time,last_edit_time, enable_status, advice ) VALUES (?, ?, ?, ?, ?, ?, ?, ?, ?, ?, ?, ?, ? ); 
2018-06-30 16:50:24.859 [main] DEBUG c.schoolo2o.schoolo2o.mapper.ShopMapper.insertShop - ==> Parameters: 1(Long), 1(Long), 1(Long), mytest1(String), mytest1(String), testaddr1(String), 13810524526(String), test1(String), null, 2018-06-30 16:50:24.757(Timestamp), 2018-06-30 16:50:24.757(Timestamp), 0(Integer), 审核中(String)
2018-06-30 16:50:24.861 [main] DEBUG c.schoolo2o.schoolo2o.mapper.ShopMapper.insertShop - <==    Updates: 1
2018-06-30 18:30:03.192 [main] DEBUG cn.schoolo2o.schoolo2o.service.ShopServiceTest - Running with Spring Boot v2.0.3.RELEASE, Spring v5.0.7.RELEASE
2018-06-30 18:30:10.807 [main] DEBUG c.schoolo2o.schoolo2o.mapper.ShopMapper.insertShop - ==>  Preparing: INSERT INTO o2odb.tb_shop (owner_id, area_id, shop_category_id, shop_name, shop_desc,shop_addr, phone, shop_img, priority, create_time,last_edit_time, enable_status, advice ) VALUES (?, ?, ?, ?, ?, ?, ?, ?, ?, ?, ?, ?, ? ); 
2018-06-30 18:30:10.862 [main] DEBUG c.schoolo2o.schoolo2o.mapper.ShopMapper.insertShop - ==> Parameters: 1(Long), 1(Long), 1(Long), mytest1(String), mytest1(String), testaddr1(String), 13810524526(String), test1(String), null, 2018-06-30 18:30:10.778(Timestamp), 2018-06-30 18:30:10.778(Timestamp), 0(Integer), 审核中(String)
2018-06-30 18:30:10.864 [main] DEBUG c.schoolo2o.schoolo2o.mapper.ShopMapper.insertShop - <==    Updates: 1
2018-06-30 18:30:10.870 [main] DEBUG cn.schoolo2o.schoolo2o.util.ImageUtil - current relativeAddr is:upload\item\shop1\2018063018301092975.jpg
2018-06-30 18:30:10.871 [main] DEBUG cn.schoolo2o.schoolo2o.util.ImageUtil - current complete addr is:D:\projectdev\image\upload\item\shop1\2018063018301092975.jpg
2018-06-30 18:30:11.264 [main] DEBUG c.schoolo2o.schoolo2o.mapper.ShopMapper.updateShop - ==>  Preparing: update tb_shop SET shop_name=?, shop_desc=?, shop_addr=?, phone=?, shop_img=?, last_edit_time=?, advice=?, enable_status=?, area_id=?, shop_category_id=? where shop_id=? 
2018-06-30 18:30:11.266 [main] DEBUG c.schoolo2o.schoolo2o.mapper.ShopMapper.updateShop - ==> Parameters: mytest1(String), mytest1(String), testaddr1(String), 13810524526(String), upload\item\shop1\2018063018301092975.jpg(String), 2018-06-30 18:30:10.778(Timestamp), 审核中(String), 0(Integer), 1(Long), 1(Long), 1(Long)
2018-06-30 18:30:11.267 [main] DEBUG c.schoolo2o.schoolo2o.mapper.ShopMapper.updateShop - <==    Updates: 0
2018-06-30 18:35:13.954 [main] DEBUG cn.schoolo2o.schoolo2o.service.ShopServiceTest - Running with Spring Boot v2.0.3.RELEASE, Spring v5.0.7.RELEASE
2018-06-30 18:35:21.573 [main] DEBUG c.schoolo2o.schoolo2o.mapper.ShopMapper.insertShop - ==>  Preparing: INSERT INTO o2odb.tb_shop (owner_id, area_id, shop_category_id, shop_name, shop_desc,shop_addr, phone, shop_img, priority, create_time,last_edit_time, enable_status, advice ) VALUES (?, ?, ?, ?, ?, ?, ?, ?, ?, ?, ?, ?, ? ); 
2018-06-30 18:35:21.690 [main] DEBUG c.schoolo2o.schoolo2o.mapper.ShopMapper.insertShop - ==> Parameters: 1(Long), 1(Long), 1(Long), mytest1(String), mytest1(String), testaddr1(String), 13810524526(String), test1(String), null, 2018-06-30 18:35:21.533(Timestamp), 2018-06-30 18:35:21.533(Timestamp), 0(Integer), 审核中(String)
2018-06-30 18:35:21.691 [main] DEBUG c.schoolo2o.schoolo2o.mapper.ShopMapper.insertShop - <==    Updates: 1
2018-06-30 18:35:21.697 [main] DEBUG cn.schoolo2o.schoolo2o.util.ImageUtil - current relativeAddr is:upload\item\shop1\2018063018352116648.jpg
2018-06-30 18:35:21.697 [main] DEBUG cn.schoolo2o.schoolo2o.util.ImageUtil - current complete addr is:D:\projectdev\image\upload\item\shop1\2018063018352116648.jpg
2018-06-30 18:35:21.966 [main] DEBUG c.schoolo2o.schoolo2o.mapper.ShopMapper.updateShop - ==>  Preparing: update tb_shop SET shop_name=?, shop_desc=?, shop_addr=?, phone=?, shop_img=?, last_edit_time=?, advice=?, enable_status=?, area_id=?, shop_category_id=? where shop_id=? 
2018-06-30 18:35:21.969 [main] DEBUG c.schoolo2o.schoolo2o.mapper.ShopMapper.updateShop - ==> Parameters: mytest1(String), mytest1(String), testaddr1(String), 13810524526(String), upload\item\shop1\2018063018352116648.jpg(String), 2018-06-30 18:35:21.533(Timestamp), 审核中(String), 0(Integer), 1(Long), 1(Long), 1(Long)
2018-06-30 18:35:21.970 [main] DEBUG c.schoolo2o.schoolo2o.mapper.ShopMapper.updateShop - <==    Updates: 0
2018-06-30 18:36:14.807 [main] DEBUG cn.schoolo2o.schoolo2o.service.ShopServiceTest - Running with Spring Boot v2.0.3.RELEASE, Spring v5.0.7.RELEASE
2018-06-30 18:36:22.177 [main] DEBUG c.schoolo2o.schoolo2o.mapper.ShopMapper.insertShop - ==>  Preparing: INSERT INTO o2odb.tb_shop (owner_id, area_id, shop_category_id, shop_name, shop_desc,shop_addr, phone, shop_img, priority, create_time,last_edit_time, enable_status, advice ) VALUES (?, ?, ?, ?, ?, ?, ?, ?, ?, ?, ?, ?, ? ); 
2018-06-30 18:36:22.275 [main] DEBUG c.schoolo2o.schoolo2o.mapper.ShopMapper.insertShop - ==> Parameters: 1(Long), 1(Long), 1(Long), mytest1(String), mytest1(String), testaddr1(String), 13810524526(String), test1(String), null, 2018-06-30 18:36:22.134(Timestamp), 2018-06-30 18:36:22.134(Timestamp), 0(Integer), 审核中(String)
2018-06-30 18:36:22.279 [main] DEBUG c.schoolo2o.schoolo2o.mapper.ShopMapper.insertShop - <==    Updates: 1
2018-06-30 18:36:22.284 [main] DEBUG cn.schoolo2o.schoolo2o.util.ImageUtil - current relativeAddr is:\upload\item\shop1\2018063018362225438.jpg
2018-06-30 18:36:22.284 [main] DEBUG cn.schoolo2o.schoolo2o.util.ImageUtil - current complete addr is:D:\projectdev\image\\upload\item\shop1\2018063018362225438.jpg
2018-06-30 18:36:22.591 [main] DEBUG c.schoolo2o.schoolo2o.mapper.ShopMapper.updateShop - ==>  Preparing: update tb_shop SET shop_name=?, shop_desc=?, shop_addr=?, phone=?, shop_img=?, last_edit_time=?, advice=?, enable_status=?, area_id=?, shop_category_id=? where shop_id=? 
2018-06-30 18:36:22.593 [main] DEBUG c.schoolo2o.schoolo2o.mapper.ShopMapper.updateShop - ==> Parameters: mytest1(String), mytest1(String), testaddr1(String), 13810524526(String), \upload\item\shop1\2018063018362225438.jpg(String), 2018-06-30 18:36:22.134(Timestamp), 审核中(String), 0(Integer), 1(Long), 1(Long), 1(Long)
2018-06-30 18:36:22.594 [main] DEBUG c.schoolo2o.schoolo2o.mapper.ShopMapper.updateShop - <==    Updates: 0
2018-06-30 18:39:05.428 [main] DEBUG cn.schoolo2o.schoolo2o.service.ShopServiceTest - Running with Spring Boot v2.0.3.RELEASE, Spring v5.0.7.RELEASE
2018-06-30 18:39:12.179 [main] DEBUG cn.schoolo2o.schoolo2o.service.ShopServiceTest - shop:Shop{shopId=null, ownerId=1, shopCategoryId=null, shopName='mytest1', shopDesc='mytest1', shopAddr='testaddr1', phone='13810524526', shopImg='test1', longitude=1.0, latitude=1.0, priority=null, createTime=Sat Jun 30 18:39:12 CST 2018, lastEditTime=Sat Jun 30 18:39:12 CST 2018, enableStatus=0, advice='审核中', staffList=null, area=cn.schoolo2o.schoolo2o.pojo.Area@4d3ca6c7, shopCategory=cn.schoolo2o.schoolo2o.pojo.ShopCategory@22e5f96e, parentCategory=null}
2018-06-30 18:39:12.892 [main] DEBUG c.schoolo2o.schoolo2o.mapper.ShopMapper.insertShop - ==>  Preparing: INSERT INTO o2odb.tb_shop (owner_id, area_id, shop_category_id, shop_name, shop_desc,shop_addr, phone, shop_img, priority, create_time,last_edit_time, enable_status, advice ) VALUES (?, ?, ?, ?, ?, ?, ?, ?, ?, ?, ?, ?, ? ); 
2018-06-30 18:39:13.027 [main] DEBUG c.schoolo2o.schoolo2o.mapper.ShopMapper.insertShop - ==> Parameters: 1(Long), 1(Long), 1(Long), mytest1(String), mytest1(String), testaddr1(String), 13810524526(String), test1(String), null, 2018-06-30 18:39:12.857(Timestamp), 2018-06-30 18:39:12.857(Timestamp), 0(Integer), 审核中(String)
2018-06-30 18:39:13.029 [main] DEBUG c.schoolo2o.schoolo2o.mapper.ShopMapper.insertShop - <==    Updates: 1
2018-06-30 18:42:43.415 [main] DEBUG cn.schoolo2o.schoolo2o.service.ShopServiceTest - Running with Spring Boot v2.0.3.RELEASE, Spring v5.0.7.RELEASE
2018-06-30 18:42:51.788 [main] DEBUG cn.schoolo2o.schoolo2o.service.ShopServiceTest - shop:Shop{shopId=null, ownerId=1, shopCategoryId=null, shopName='mytest1', shopDesc='mytest1', shopAddr='testaddr1', phone='13810524526', shopImg='test1', longitude=1.0, latitude=1.0, priority=null, createTime=Sat Jun 30 18:42:51 CST 2018, lastEditTime=Sat Jun 30 18:42:51 CST 2018, enableStatus=0, advice='审核中', staffList=null, area=cn.schoolo2o.schoolo2o.pojo.Area@22e5f96e, shopCategory=cn.schoolo2o.schoolo2o.pojo.ShopCategory@6a638c79, parentCategory=null}
2018-06-30 18:42:52.461 [main] DEBUG c.schoolo2o.schoolo2o.mapper.ShopMapper.insertShop - ==>  Preparing: INSERT INTO o2odb.tb_shop (owner_id, area_id, shop_category_id, shop_name, shop_desc,shop_addr, phone, shop_img, priority, create_time,last_edit_time, enable_status, advice ) VALUES (?, ?, ?, ?, ?, ?, ?, ?, ?, ?, ?, ?, ? ); 
2018-06-30 18:42:52.579 [main] DEBUG c.schoolo2o.schoolo2o.mapper.ShopMapper.insertShop - ==> Parameters: 1(Long), 1(Long), 1(Long), mytest1(String), mytest1(String), testaddr1(String), 13810524526(String), test1(String), null, 2018-06-30 18:42:52.418(Timestamp), 2018-06-30 18:42:52.418(Timestamp), 0(Integer), 审核中(String)
2018-06-30 18:42:52.581 [main] DEBUG c.schoolo2o.schoolo2o.mapper.ShopMapper.insertShop - <==    Updates: 1
2018-06-30 18:44:35.489 [main] DEBUG cn.schoolo2o.schoolo2o.service.ShopServiceTest - Running with Spring Boot v2.0.3.RELEASE, Spring v5.0.7.RELEASE
2018-06-30 18:44:43.005 [main] DEBUG cn.schoolo2o.schoolo2o.service.ShopServiceTest - shop:Shop{shopId=null, ownerId=1, shopCategoryId=null, shopName='mytest1', shopDesc='mytest1', shopAddr='testaddr1', phone='13810524526', shopImg='test1', longitude=1.0, latitude=1.0, priority=null, createTime=Sat Jun 30 18:44:43 CST 2018, lastEditTime=Sat Jun 30 18:44:43 CST 2018, enableStatus=0, advice='审核中', staffList=null, area=cn.schoolo2o.schoolo2o.pojo.Area@22e5f96e, shopCategory=cn.schoolo2o.schoolo2o.pojo.ShopCategory@6a638c79, parentCategory=null}
2018-06-30 18:44:43.510 [main] DEBUG c.schoolo2o.schoolo2o.mapper.ShopMapper.insertShop - ==>  Preparing: INSERT INTO o2odb.tb_shop (owner_id, area_id, shop_category_id, shop_name, shop_desc,shop_addr, phone, shop_img, priority, create_time,last_edit_time, enable_status, advice ) VALUES (?, ?, ?, ?, ?, ?, ?, ?, ?, ?, ?, ?, ? ); 
2018-06-30 18:44:43.549 [main] DEBUG c.schoolo2o.schoolo2o.mapper.ShopMapper.insertShop - ==> Parameters: 1(Long), 1(Long), 1(Long), mytest1(String), mytest1(String), testaddr1(String), 13810524526(String), test1(String), null, 2018-06-30 18:44:43.487(Timestamp), 2018-06-30 18:44:43.487(Timestamp), 0(Integer), 审核中(String)
2018-06-30 18:44:43.551 [main] DEBUG c.schoolo2o.schoolo2o.mapper.ShopMapper.insertShop - <==    Updates: 1
2018-06-30 18:59:03.769 [main] DEBUG cn.schoolo2o.schoolo2o.service.ShopServiceTest - Running with Spring Boot v2.0.3.RELEASE, Spring v5.0.7.RELEASE
2018-06-30 18:59:11.313 [main] DEBUG cn.schoolo2o.schoolo2o.service.ShopServiceTest - shop:Shop{shopId=null, ownerId=1, shopCategoryId=null, shopName='mytest1', shopDesc='mytest1', shopAddr='testaddr1', phone='13810524526', shopImg='test1', longitude=1.0, latitude=1.0, priority=null, createTime=Sat Jun 30 18:59:11 CST 2018, lastEditTime=Sat Jun 30 18:59:11 CST 2018, enableStatus=0, advice='审核中', staffList=null, area=cn.schoolo2o.schoolo2o.pojo.Area@2f00f851, shopCategory=cn.schoolo2o.schoolo2o.pojo.ShopCategory@4207609e, parentCategory=null}
2018-06-30 18:59:11.985 [main] DEBUG c.schoolo2o.schoolo2o.mapper.ShopMapper.insertShop - ==>  Preparing: INSERT INTO o2odb.tb_shop (owner_id, area_id, shop_category_id, shop_name, shop_desc,shop_addr, phone, shop_img, priority, create_time,last_edit_time, enable_status, advice ) VALUES (?, ?, ?, ?, ?, ?, ?, ?, ?, ?, ?, ?, ? ); 
2018-06-30 18:59:12.137 [main] DEBUG c.schoolo2o.schoolo2o.mapper.ShopMapper.insertShop - ==> Parameters: 1(Long), 1(Long), 1(Long), mytest1(String), mytest1(String), testaddr1(String), 13810524526(String), test1(String), null, 2018-06-30 18:59:11.91(Timestamp), 2018-06-30 18:59:11.91(Timestamp), 0(Integer), 审核中(String)
2018-06-30 18:59:12.138 [main] DEBUG c.schoolo2o.schoolo2o.mapper.ShopMapper.insertShop - <==    Updates: 1
2018-06-30 18:59:12.139 [main] DEBUG cn.schoolo2o.schoolo2o.service.ShopServiceImpl - shop service:Shop{shopId=null, ownerId=1, shopCategoryId=null, shopName='mytest1', shopDesc='mytest1', shopAddr='testaddr1', phone='13810524526', shopImg='test1', longitude=1.0, latitude=1.0, priority=null, createTime=Sat Jun 30 18:59:11 CST 2018, lastEditTime=Sat Jun 30 18:59:11 CST 2018, enableStatus=0, advice='审核中', staffList=null, area=cn.schoolo2o.schoolo2o.pojo.Area@2f00f851, shopCategory=cn.schoolo2o.schoolo2o.pojo.ShopCategory@4207609e, parentCategory=null}
2018-06-30 19:04:09.250 [main] DEBUG cn.schoolo2o.schoolo2o.service.ShopServiceTest - Running with Spring Boot v2.0.3.RELEASE, Spring v5.0.7.RELEASE
2018-06-30 19:04:15.877 [main] DEBUG cn.schoolo2o.schoolo2o.service.ShopServiceTest - shop:Shop{shopId=null, ownerId=1, shopCategoryId=null, shopName='mytest1', shopDesc='mytest1', shopAddr='testaddr1', phone='13810524526', shopImg='test1', longitude=1.0, latitude=1.0, priority=null, createTime=Sat Jun 30 19:04:15 CST 2018, lastEditTime=Sat Jun 30 19:04:15 CST 2018, enableStatus=0, advice='审核中', staffList=null, area=cn.schoolo2o.schoolo2o.pojo.Area@6c931d35, shopCategory=cn.schoolo2o.schoolo2o.pojo.ShopCategory@44b194fe, parentCategory=null}
2018-06-30 19:04:16.376 [main] DEBUG c.schoolo2o.schoolo2o.mapper.ShopMapper.insertShop - ==>  Preparing: INSERT INTO o2odb.tb_shop (owner_id, area_id, shop_category_id, shop_name, shop_desc,shop_addr, phone, shop_img, priority, create_time,last_edit_time, enable_status, advice ) VALUES (?, ?, ?, ?, ?, ?, ?, ?, ?, ?, ?, ?, ? ); 
2018-06-30 19:04:16.424 [main] DEBUG c.schoolo2o.schoolo2o.mapper.ShopMapper.insertShop - ==> Parameters: 1(Long), 1(Long), 1(Long), mytest1(String), mytest1(String), testaddr1(String), 13810524526(String), test1(String), null, 2018-06-30 19:04:16.345(Timestamp), 2018-06-30 19:04:16.345(Timestamp), 0(Integer), 审核中(String)
2018-06-30 19:04:16.426 [main] DEBUG c.schoolo2o.schoolo2o.mapper.ShopMapper.insertShop - <==    Updates: 1
2018-06-30 19:04:16.434 [main] DEBUG cn.schoolo2o.schoolo2o.service.ShopServiceImpl - shop service:Shop{shopId=52, ownerId=1, shopCategoryId=null, shopName='mytest1', shopDesc='mytest1', shopAddr='testaddr1', phone='13810524526', shopImg='test1', longitude=1.0, latitude=1.0, priority=null, createTime=Sat Jun 30 19:04:16 CST 2018, lastEditTime=Sat Jun 30 19:04:16 CST 2018, enableStatus=0, advice='审核中', staffList=null, area=cn.schoolo2o.schoolo2o.pojo.Area@6c931d35, shopCategory=cn.schoolo2o.schoolo2o.pojo.ShopCategory@44b194fe, parentCategory=null}
2018-06-30 19:04:16.498 [main] DEBUG cn.schoolo2o.schoolo2o.util.ImageUtil - current relativeAddr is:upload\item\shop52\2018063019041617621.jpg
2018-06-30 19:04:16.500 [main] DEBUG cn.schoolo2o.schoolo2o.util.ImageUtil - current complete addr is:D:\projectdev\image\upload\item\shop52\2018063019041617621.jpg
2018-06-30 19:04:16.762 [main] DEBUG c.schoolo2o.schoolo2o.mapper.ShopMapper.updateShop - ==>  Preparing: update tb_shop SET shop_id=? shop_name=?, shop_desc=?, shop_addr=?, phone=?, shop_img=?, last_edit_time=?, advice=?, enable_status=?, area_id=?, shop_category_id=? where shop_id=? 
2018-06-30 19:04:16.764 [main] DEBUG c.schoolo2o.schoolo2o.mapper.ShopMapper.updateShop - ==> Parameters: 52(Long), mytest1(String), mytest1(String), testaddr1(String), 13810524526(String), upload\item\shop52\2018063019041617621.jpg(String), 2018-06-30 19:04:16.345(Timestamp), 审核中(String), 0(Integer), 1(Long), 1(Long), 52(Long)
2018-06-30 19:06:32.027 [main] DEBUG cn.schoolo2o.schoolo2o.service.ShopServiceTest - Running with Spring Boot v2.0.3.RELEASE, Spring v5.0.7.RELEASE
2018-06-30 19:06:38.714 [main] DEBUG cn.schoolo2o.schoolo2o.service.ShopServiceTest - shop:Shop{shopId=null, ownerId=1, shopCategoryId=null, shopName='赵哎', shopDesc='mytest1', shopAddr='testaddr1', phone='13810524526', shopImg='test1', longitude=1.0, latitude=1.0, priority=null, createTime=Sat Jun 30 19:06:38 CST 2018, lastEditTime=Sat Jun 30 19:06:38 CST 2018, enableStatus=0, advice='审核中', staffList=null, area=cn.schoolo2o.schoolo2o.pojo.Area@320a8ebf, shopCategory=cn.schoolo2o.schoolo2o.pojo.ShopCategory@67b100fe, parentCategory=null}
2018-06-30 19:06:39.194 [main] DEBUG c.schoolo2o.schoolo2o.mapper.ShopMapper.insertShop - ==>  Preparing: INSERT INTO o2odb.tb_shop (owner_id, area_id, shop_category_id, shop_name, shop_desc,shop_addr, phone, shop_img, priority, create_time,last_edit_time, enable_status, advice ) VALUES (?, ?, ?, ?, ?, ?, ?, ?, ?, ?, ?, ?, ? ); 
2018-06-30 19:06:39.278 [main] DEBUG c.schoolo2o.schoolo2o.mapper.ShopMapper.insertShop - ==> Parameters: 1(Long), 1(Long), 1(Long), 赵哎(String), mytest1(String), testaddr1(String), 13810524526(String), test1(String), null, 2018-06-30 19:06:39.166(Timestamp), 2018-06-30 19:06:39.166(Timestamp), 0(Integer), 审核中(String)
2018-06-30 19:06:39.285 [main] DEBUG c.schoolo2o.schoolo2o.mapper.ShopMapper.insertShop - <==    Updates: 1
2018-06-30 19:06:39.319 [main] DEBUG cn.schoolo2o.schoolo2o.service.ShopServiceImpl - shop service:Shop{shopId=53, ownerId=1, shopCategoryId=null, shopName='赵哎', shopDesc='mytest1', shopAddr='testaddr1', phone='13810524526', shopImg='test1', longitude=1.0, latitude=1.0, priority=null, createTime=Sat Jun 30 19:06:39 CST 2018, lastEditTime=Sat Jun 30 19:06:39 CST 2018, enableStatus=0, advice='审核中', staffList=null, area=cn.schoolo2o.schoolo2o.pojo.Area@320a8ebf, shopCategory=cn.schoolo2o.schoolo2o.pojo.ShopCategory@67b100fe, parentCategory=null}
2018-06-30 19:06:39.329 [main] DEBUG cn.schoolo2o.schoolo2o.util.ImageUtil - current relativeAddr is:upload\item\shop53\2018063019063939288.jpg
2018-06-30 19:06:39.329 [main] DEBUG cn.schoolo2o.schoolo2o.util.ImageUtil - current complete addr is:D:\projectdev\image\upload\item\shop53\2018063019063939288.jpg
2018-06-30 19:06:39.599 [main] DEBUG c.schoolo2o.schoolo2o.mapper.ShopMapper.updateShop - ==>  Preparing: update tb_shop SET shop_id=?, shop_name=?, shop_desc=?, shop_addr=?, phone=?, shop_img=?, last_edit_time=?, advice=?, enable_status=?, area_id=?, shop_category_id=? where shop_id=? 
2018-06-30 19:06:39.600 [main] DEBUG c.schoolo2o.schoolo2o.mapper.ShopMapper.updateShop - ==> Parameters: 53(Long), 赵哎(String), mytest1(String), testaddr1(String), 13810524526(String), upload\item\shop53\2018063019063939288.jpg(String), 2018-06-30 19:06:39.166(Timestamp), 审核中(String), 0(Integer), 1(Long), 1(Long), 53(Long)
2018-06-30 19:06:39.601 [main] DEBUG c.schoolo2o.schoolo2o.mapper.ShopMapper.updateShop - <==    Updates: 1
2018-06-30 22:03:35.931 [main] DEBUG cn.schoolo2o.schoolo2o.service.ShopServiceTest - Running with Spring Boot v2.0.3.RELEASE, Spring v5.0.7.RELEASE
2018-06-30 22:05:38.637 [main] DEBUG cn.schoolo2o.schoolo2o.service.ShopServiceTest - Running with Spring Boot v2.0.3.RELEASE, Spring v5.0.7.RELEASE
2018-06-30 22:10:08.292 [main] DEBUG cn.schoolo2o.schoolo2o.service.ShopServiceTest - Running with Spring Boot v2.0.3.RELEASE, Spring v5.0.7.RELEASE
2018-06-30 22:15:45.403 [main] DEBUG cn.schoolo2o.schoolo2o.service.ShopServiceTest - Running with Spring Boot v2.0.3.RELEASE, Spring v5.0.7.RELEASE
2018-06-30 22:18:04.409 [main] DEBUG cn.schoolo2o.schoolo2o.service.ShopServiceTest - Running with Spring Boot v2.0.3.RELEASE, Spring v5.0.7.RELEASE
2018-06-30 22:19:48.284 [main] DEBUG cn.schoolo2o.schoolo2o.service.ShopServiceTest - Running with Spring Boot v2.0.3.RELEASE, Spring v5.0.7.RELEASE
2018-06-30 22:23:05.818 [main] DEBUG cn.schoolo2o.schoolo2o.service.ShopServiceTest - Running with Spring Boot v2.0.3.RELEASE, Spring v5.0.7.RELEASE
2018-06-30 22:25:47.382 [main] DEBUG cn.schoolo2o.schoolo2o.service.ShopServiceTest - Running with Spring Boot v2.0.3.RELEASE, Spring v5.0.7.RELEASE
2018-06-30 22:27:36.791 [main] DEBUG cn.schoolo2o.schoolo2o.service.ShopServiceTest - Running with Spring Boot v2.0.3.RELEASE, Spring v5.0.7.RELEASE
2018-06-30 22:29:13.720 [main] DEBUG cn.schoolo2o.schoolo2o.service.ShopServiceTest - Running with Spring Boot v2.0.3.RELEASE, Spring v5.0.7.RELEASE
2018-06-30 22:29:19.602 [main] DEBUG cn.schoolo2o.schoolo2o.service.ShopServiceTest - shop:Shop{shopId=null, ownerId=1, shopCategoryId=null, shopName='卜一一的小店', shopDesc='mytest1', shopAddr='testaddr1', phone='13810524526', shopImg='test1', longitude=1.0, latitude=1.0, priority=null, createTime=Sat Jun 30 22:29:19 CST 2018, lastEditTime=Sat Jun 30 22:29:19 CST 2018, enableStatus=0, advice='审核中', staffList=null, area=cn.schoolo2o.schoolo2o.pojo.Area@68880c21, shopCategory=cn.schoolo2o.schoolo2o.pojo.ShopCategory@2dd2e270, parentCategory=null}
2018-06-30 22:29:20.068 [main] DEBUG c.schoolo2o.schoolo2o.mapper.ShopMapper.insertShop - ==>  Preparing: INSERT INTO o2odb.tb_shop (owner_id, area_id, shop_category_id, shop_name, shop_desc,shop_addr, phone, shop_img, priority, create_time,last_edit_time, enable_status, advice ) VALUES (?, ?, ?, ?, ?, ?, ?, ?, ?, ?, ?, ?, ? ); 
2018-06-30 22:29:20.127 [main] DEBUG c.schoolo2o.schoolo2o.mapper.ShopMapper.insertShop - ==> Parameters: 1(Long), 1(Long), 1(Long), 卜一一的小店(String), mytest1(String), testaddr1(String), 13810524526(String), test1(String), null, 2018-06-30 22:29:20.048(Timestamp), 2018-06-30 22:29:20.048(Timestamp), 0(Integer), 审核中(String)
2018-06-30 22:29:20.129 [main] DEBUG c.schoolo2o.schoolo2o.mapper.ShopMapper.insertShop - <==    Updates: 1
2018-06-30 22:29:20.139 [main] DEBUG cn.schoolo2o.schoolo2o.service.ShopServiceImpl - shop service:Shop{shopId=54, ownerId=1, shopCategoryId=null, shopName='卜一一的小店', shopDesc='mytest1', shopAddr='testaddr1', phone='13810524526', shopImg='test1', longitude=1.0, latitude=1.0, priority=null, createTime=Sat Jun 30 22:29:20 CST 2018, lastEditTime=Sat Jun 30 22:29:20 CST 2018, enableStatus=0, advice='审核中', staffList=null, area=cn.schoolo2o.schoolo2o.pojo.Area@68880c21, shopCategory=cn.schoolo2o.schoolo2o.pojo.ShopCategory@2dd2e270, parentCategory=null}
2018-06-30 22:29:20.179 [main] DEBUG cn.schoolo2o.schoolo2o.util.ImageUtil - current relativeAddr is:upload\item\shop54\2018063022292078015.jpg
2018-06-30 22:29:20.179 [main] DEBUG cn.schoolo2o.schoolo2o.util.ImageUtil - current complete addr is:D:\projectdev\image\upload\item\shop54\2018063022292078015.jpg
2018-06-30 22:29:20.612 [main] DEBUG c.schoolo2o.schoolo2o.mapper.ShopMapper.updateShop - ==>  Preparing: update tb_shop SET shop_id=?, shop_name=?, shop_desc=?, shop_addr=?, phone=?, shop_img=?, last_edit_time=?, advice=?, enable_status=?, area_id=?, shop_category_id=? where shop_id=? 
2018-06-30 22:29:20.612 [main] DEBUG c.schoolo2o.schoolo2o.mapper.ShopMapper.updateShop - ==> Parameters: 54(Long), 卜一一的小店(String), mytest1(String), testaddr1(String), 13810524526(String), upload\item\shop54\2018063022292078015.jpg(String), 2018-06-30 22:29:20.048(Timestamp), 审核中(String), 0(Integer), 1(Long), 1(Long), 54(Long)
2018-06-30 22:29:20.612 [main] DEBUG c.schoolo2o.schoolo2o.mapper.ShopMapper.updateShop - <==    Updates: 1
2018-06-30 22:36:41.107 [main] DEBUG cn.schoolo2o.schoolo2o.Schoolo2oApplication - Running with Spring Boot v2.0.3.RELEASE, Spring v5.0.7.RELEASE
2018-06-30 22:49:32.519 [main] DEBUG cn.schoolo2o.schoolo2o.Schoolo2oApplication - Running with Spring Boot v2.0.3.RELEASE, Spring v5.0.7.RELEASE
2018-06-30 22:54:00.836 [main] DEBUG cn.schoolo2o.schoolo2o.Schoolo2oApplication - Running with Spring Boot v2.0.3.RELEASE, Spring v5.0.7.RELEASE
2018-06-30 23:15:59.534 [main] DEBUG cn.schoolo2o.schoolo2o.Schoolo2oApplication - Running with Spring Boot v2.0.3.RELEASE, Spring v5.0.7.RELEASE
2018-06-30 23:17:31.959 [main] DEBUG cn.schoolo2o.schoolo2o.Schoolo2oApplication - Running with Spring Boot v2.0.3.RELEASE, Spring v5.0.7.RELEASE
2018-06-30 23:26:15.213 [main] DEBUG cn.schoolo2o.schoolo2o.Schoolo2oApplication - Running with Spring Boot v2.0.3.RELEASE, Spring v5.0.7.RELEASE
2018-06-30 23:28:17.368 [main] DEBUG cn.schoolo2o.schoolo2o.Schoolo2oApplication - Running with Spring Boot v2.0.3.RELEASE, Spring v5.0.7.RELEASE
2018-06-30 23:29:34.161 [main] DEBUG cn.schoolo2o.schoolo2o.Schoolo2oApplication - Running with Spring Boot v2.0.3.RELEASE, Spring v5.0.7.RELEASE
2018-06-30 23:31:27.861 [main] DEBUG cn.schoolo2o.schoolo2o.Schoolo2oApplication - Running with Spring Boot v2.0.3.RELEASE, Spring v5.0.7.RELEASE
2018-06-30 23:32:30.552 [main] DEBUG cn.schoolo2o.schoolo2o.Schoolo2oApplication - Running with Spring Boot v2.0.3.RELEASE, Spring v5.0.7.RELEASE
2018-06-30 23:34:51.822 [main] DEBUG cn.schoolo2o.schoolo2o.Schoolo2oApplication - Running with Spring Boot v2.0.3.RELEASE, Spring v5.0.7.RELEASE
2018-06-30 23:35:40.229 [main] DEBUG cn.schoolo2o.schoolo2o.Schoolo2oApplication - Running with Spring Boot v2.0.3.RELEASE, Spring v5.0.7.RELEASE
