2018-06-30 15:51:31.233 [main] INFO  cn.schoolo2o.schoolo2o.service.ShopServiceTest - Starting ShopServiceTest on 赵雅娟 with PID 12484 (started by Eve-赵雅娟 in E:\IdeaProjects\schoolo2o)
2018-06-30 15:51:31.308 [main] INFO  cn.schoolo2o.schoolo2o.service.ShopServiceTest - No active profile set, falling back to default profiles: default
2018-06-30 15:51:42.776 [main] INFO  cn.schoolo2o.schoolo2o.service.ShopServiceTest - Started ShopServiceTest in 12.704 seconds (JVM running for 16.479)
2018-06-30 15:51:48.372 [main] INFO  cn.schoolo2o.schoolo2o.service.ShopServiceTest - Starting ShopServiceTest on 赵雅娟 with PID 9616 (started by Eve-赵雅娟 in E:\IdeaProjects\schoolo2o)
2018-06-30 15:51:48.380 [main] INFO  cn.schoolo2o.schoolo2o.service.ShopServiceTest - No active profile set, falling back to default profiles: default
2018-06-30 15:51:57.118 [main] INFO  cn.schoolo2o.schoolo2o.service.ShopServiceTest - Started ShopServiceTest in 9.694 seconds (JVM running for 14.716)
2018-06-30 15:53:38.930 [main] INFO  cn.schoolo2o.schoolo2o.service.ShopServiceTest - Starting ShopServiceTest on 赵雅娟 with PID 1852 (started by Eve-赵雅娟 in E:\IdeaProjects\schoolo2o)
2018-06-30 15:53:38.941 [main] INFO  cn.schoolo2o.schoolo2o.service.ShopServiceTest - No active profile set, falling back to default profiles: default
2018-06-30 15:53:45.804 [main] INFO  cn.schoolo2o.schoolo2o.service.ShopServiceTest - Started ShopServiceTest in 8.011 seconds (JVM running for 10.511)
2018-06-30 15:57:15.893 [main] INFO  cn.schoolo2o.schoolo2o.service.ShopServiceTest - Starting ShopServiceTest on 赵雅娟 with PID 9464 (started by Eve-赵雅娟 in E:\IdeaProjects\schoolo2o)
2018-06-30 15:57:15.897 [main] INFO  cn.schoolo2o.schoolo2o.service.ShopServiceTest - No active profile set, falling back to default profiles: default
2018-06-30 15:57:22.309 [main] INFO  cn.schoolo2o.schoolo2o.service.ShopServiceTest - Started ShopServiceTest in 7.885 seconds (JVM running for 10.406)
2018-06-30 15:59:33.300 [main] INFO  cn.schoolo2o.schoolo2o.service.ShopServiceTest - Starting ShopServiceTest on 赵雅娟 with PID 4888 (started by Eve-赵雅娟 in E:\IdeaProjects\schoolo2o)
2018-06-30 15:59:33.312 [main] INFO  cn.schoolo2o.schoolo2o.service.ShopServiceTest - No active profile set, falling back to default profiles: default
2018-06-30 15:59:39.926 [main] INFO  cn.schoolo2o.schoolo2o.service.ShopServiceTest - Started ShopServiceTest in 7.979 seconds (JVM running for 10.991)
2018-06-30 16:03:40.925 [main] INFO  cn.schoolo2o.schoolo2o.service.ShopServiceTest - Starting ShopServiceTest on 赵雅娟 with PID 3356 (started by Eve-赵雅娟 in E:\IdeaProjects\schoolo2o)
2018-06-30 16:03:40.933 [main] INFO  cn.schoolo2o.schoolo2o.service.ShopServiceTest - No active profile set, falling back to default profiles: default
2018-06-30 16:03:47.157 [main] INFO  cn.schoolo2o.schoolo2o.service.ShopServiceTest - Started ShopServiceTest in 7.204 seconds (JVM running for 9.536)
2018-06-30 16:05:03.154 [main] INFO  cn.schoolo2o.schoolo2o.service.ShopServiceTest - Starting ShopServiceTest on 赵雅娟 with PID 1732 (started by Eve-赵雅娟 in E:\IdeaProjects\schoolo2o)
2018-06-30 16:05:03.166 [main] INFO  cn.schoolo2o.schoolo2o.service.ShopServiceTest - No active profile set, falling back to default profiles: default
2018-06-30 16:05:09.524 [main] INFO  cn.schoolo2o.schoolo2o.service.ShopServiceTest - Started ShopServiceTest in 7.245 seconds (JVM running for 10.126)
2018-06-30 16:11:07.477 [main] INFO  cn.schoolo2o.schoolo2o.service.ShopServiceTest - Starting ShopServiceTest on 赵雅娟 with PID 288 (started by Eve-赵雅娟 in E:\IdeaProjects\schoolo2o)
2018-06-30 16:11:07.485 [main] INFO  cn.schoolo2o.schoolo2o.service.ShopServiceTest - No active profile set, falling back to default profiles: default
2018-06-30 16:11:13.746 [main] INFO  cn.schoolo2o.schoolo2o.service.ShopServiceTest - Started ShopServiceTest in 7.508 seconds (JVM running for 9.757)
2018-06-30 16:13:06.171 [main] INFO  cn.schoolo2o.schoolo2o.service.ShopServiceTest - Starting ShopServiceTest on 赵雅娟 with PID 8612 (started by Eve-赵雅娟 in E:\IdeaProjects\schoolo2o)
2018-06-30 16:13:06.179 [main] INFO  cn.schoolo2o.schoolo2o.service.ShopServiceTest - No active profile set, falling back to default profiles: default
2018-06-30 16:13:12.555 [main] INFO  cn.schoolo2o.schoolo2o.service.ShopServiceTest - Started ShopServiceTest in 7.436 seconds (JVM running for 9.596)
2018-06-30 16:15:47.875 [main] INFO  cn.schoolo2o.schoolo2o.service.ShopServiceTest - Starting ShopServiceTest on 赵雅娟 with PID 3208 (started by Eve-赵雅娟 in E:\IdeaProjects\schoolo2o)
2018-06-30 16:15:47.883 [main] INFO  cn.schoolo2o.schoolo2o.service.ShopServiceTest - No active profile set, falling back to default profiles: default
2018-06-30 16:15:53.739 [main] INFO  cn.schoolo2o.schoolo2o.service.ShopServiceTest - Started ShopServiceTest in 6.732 seconds (JVM running for 9.142)
2018-06-30 16:17:30.510 [main] INFO  cn.schoolo2o.schoolo2o.service.ShopServiceTest - Starting ShopServiceTest on 赵雅娟 with PID 6636 (started by Eve-赵雅娟 in E:\IdeaProjects\schoolo2o)
2018-06-30 16:17:30.550 [main] INFO  cn.schoolo2o.schoolo2o.service.ShopServiceTest - No active profile set, falling back to default profiles: default
2018-06-30 16:17:37.347 [main] INFO  cn.schoolo2o.schoolo2o.service.ShopServiceTest - Started ShopServiceTest in 7.789 seconds (JVM running for 10.168)
2018-06-30 16:20:17.203 [main] INFO  cn.schoolo2o.schoolo2o.service.ShopServiceTest - Starting ShopServiceTest on 赵雅娟 with PID 12736 (started by Eve-赵雅娟 in E:\IdeaProjects\schoolo2o)
2018-06-30 16:20:17.207 [main] INFO  cn.schoolo2o.schoolo2o.service.ShopServiceTest - No active profile set, falling back to default profiles: default
2018-06-30 16:20:23.397 [main] INFO  cn.schoolo2o.schoolo2o.service.ShopServiceTest - Started ShopServiceTest in 7.105 seconds (JVM running for 9.348)
2018-06-30 16:21:34.406 [main] INFO  cn.schoolo2o.schoolo2o.service.ShopServiceTest - Starting ShopServiceTest on 赵雅娟 with PID 12132 (started by Eve-赵雅娟 in E:\IdeaProjects\schoolo2o)
2018-06-30 16:21:34.410 [main] INFO  cn.schoolo2o.schoolo2o.service.ShopServiceTest - No active profile set, falling back to default profiles: default
2018-06-30 16:21:40.514 [main] INFO  cn.schoolo2o.schoolo2o.service.ShopServiceTest - Started ShopServiceTest in 7.416 seconds (JVM running for 9.614)
2018-06-30 16:22:57.852 [main] INFO  cn.schoolo2o.schoolo2o.service.ShopServiceTest - Starting ShopServiceTest on 赵雅娟 with PID 8216 (started by Eve-赵雅娟 in E:\IdeaProjects\schoolo2o)
2018-06-30 16:22:57.856 [main] INFO  cn.schoolo2o.schoolo2o.service.ShopServiceTest - No active profile set, falling back to default profiles: default
2018-06-30 16:23:03.712 [main] INFO  cn.schoolo2o.schoolo2o.service.ShopServiceTest - Started ShopServiceTest in 7.056 seconds (JVM running for 9.23)
2018-06-30 16:46:57.621 [main] INFO  cn.schoolo2o.schoolo2o.service.ShopServiceTest - Starting ShopServiceTest on 赵雅娟 with PID 8268 (started by Eve-赵雅娟 in E:\IdeaProjects\schoolo2o)
2018-06-30 16:46:57.693 [main] INFO  cn.schoolo2o.schoolo2o.service.ShopServiceTest - No active profile set, falling back to default profiles: default
2018-06-30 16:47:04.165 [main] INFO  cn.schoolo2o.schoolo2o.service.ShopServiceTest - Started ShopServiceTest in 7.398 seconds (JVM running for 9.733)
2018-06-30 16:50:16.483 [main] INFO  cn.schoolo2o.schoolo2o.service.ShopServiceTest - Starting ShopServiceTest on 赵雅娟 with PID 12884 (started by Eve-赵雅娟 in E:\IdeaProjects\schoolo2o)
2018-06-30 16:50:16.493 [main] INFO  cn.schoolo2o.schoolo2o.service.ShopServiceTest - No active profile set, falling back to default profiles: default
2018-06-30 16:50:23.807 [main] INFO  cn.schoolo2o.schoolo2o.service.ShopServiceTest - Started ShopServiceTest in 8.42 seconds (JVM running for 11.39)
2018-06-30 18:30:03.190 [main] INFO  cn.schoolo2o.schoolo2o.service.ShopServiceTest - Starting ShopServiceTest on 赵雅娟 with PID 5324 (started by Eve-赵雅娟 in E:\IdeaProjects\schoolo2o)
2018-06-30 18:30:03.198 [main] INFO  cn.schoolo2o.schoolo2o.service.ShopServiceTest - No active profile set, falling back to default profiles: default
2018-06-30 18:30:10.108 [main] INFO  cn.schoolo2o.schoolo2o.service.ShopServiceTest - Started ShopServiceTest in 8.064 seconds (JVM running for 10.499)
2018-06-30 18:35:13.952 [main] INFO  cn.schoolo2o.schoolo2o.service.ShopServiceTest - Starting ShopServiceTest on 赵雅娟 with PID 9060 (started by Eve-赵雅娟 in E:\IdeaProjects\schoolo2o)
2018-06-30 18:35:13.960 [main] INFO  cn.schoolo2o.schoolo2o.service.ShopServiceTest - No active profile set, falling back to default profiles: default
2018-06-30 18:35:20.815 [main] INFO  cn.schoolo2o.schoolo2o.service.ShopServiceTest - Started ShopServiceTest in 7.873 seconds (JVM running for 10.389)
2018-06-30 18:36:14.805 [main] INFO  cn.schoolo2o.schoolo2o.service.ShopServiceTest - Starting ShopServiceTest on 赵雅娟 with PID 10904 (started by Eve-赵雅娟 in E:\IdeaProjects\schoolo2o)
2018-06-30 18:36:14.812 [main] INFO  cn.schoolo2o.schoolo2o.service.ShopServiceTest - No active profile set, falling back to default profiles: default
2018-06-30 18:36:21.477 [main] INFO  cn.schoolo2o.schoolo2o.service.ShopServiceTest - Started ShopServiceTest in 7.45 seconds (JVM running for 9.764)
2018-06-30 18:39:05.425 [main] INFO  cn.schoolo2o.schoolo2o.service.ShopServiceTest - Starting ShopServiceTest on 赵雅娟 with PID 14712 (started by Eve-赵雅娟 in E:\IdeaProjects\schoolo2o)
2018-06-30 18:39:05.458 [main] INFO  cn.schoolo2o.schoolo2o.service.ShopServiceTest - No active profile set, falling back to default profiles: default
2018-06-30 18:39:11.952 [main] INFO  cn.schoolo2o.schoolo2o.service.ShopServiceTest - Started ShopServiceTest in 7.691 seconds (JVM running for 10.015)
2018-06-30 18:42:43.413 [main] INFO  cn.schoolo2o.schoolo2o.service.ShopServiceTest - Starting ShopServiceTest on 赵雅娟 with PID 12868 (started by Eve-赵雅娟 in E:\IdeaProjects\schoolo2o)
2018-06-30 18:42:43.422 [main] INFO  cn.schoolo2o.schoolo2o.service.ShopServiceTest - No active profile set, falling back to default profiles: default
2018-06-30 18:42:51.530 [main] INFO  cn.schoolo2o.schoolo2o.service.ShopServiceTest - Started ShopServiceTest in 9.441 seconds (JVM running for 11.963)
2018-06-30 18:44:35.447 [main] INFO  cn.schoolo2o.schoolo2o.service.ShopServiceTest - Starting ShopServiceTest on 赵雅娟 with PID 15564 (started by Eve-赵雅娟 in E:\IdeaProjects\schoolo2o)
2018-06-30 18:44:35.492 [main] INFO  cn.schoolo2o.schoolo2o.service.ShopServiceTest - No active profile set, falling back to default profiles: default
2018-06-30 18:44:42.689 [main] INFO  cn.schoolo2o.schoolo2o.service.ShopServiceTest - Started ShopServiceTest in 8.339 seconds (JVM running for 11.003)
2018-06-30 18:59:03.765 [main] INFO  cn.schoolo2o.schoolo2o.service.ShopServiceTest - Starting ShopServiceTest on 赵雅娟 with PID 1104 (started by Eve-赵雅娟 in E:\IdeaProjects\schoolo2o)
2018-06-30 18:59:03.777 [main] INFO  cn.schoolo2o.schoolo2o.service.ShopServiceTest - No active profile set, falling back to default profiles: default
2018-06-30 18:59:11.089 [main] INFO  cn.schoolo2o.schoolo2o.service.ShopServiceTest - Started ShopServiceTest in 8.731 seconds (JVM running for 11.247)
2018-06-30 19:04:09.246 [main] INFO  cn.schoolo2o.schoolo2o.service.ShopServiceTest - Starting ShopServiceTest on 赵雅娟 with PID 4436 (started by Eve-赵雅娟 in E:\IdeaProjects\schoolo2o)
2018-06-30 19:04:09.257 [main] INFO  cn.schoolo2o.schoolo2o.service.ShopServiceTest - No active profile set, falling back to default profiles: default
2018-06-30 19:04:15.615 [main] INFO  cn.schoolo2o.schoolo2o.service.ShopServiceTest - Started ShopServiceTest in 7.503 seconds (JVM running for 9.915)
2018-06-30 19:06:32.025 [main] INFO  cn.schoolo2o.schoolo2o.service.ShopServiceTest - Starting ShopServiceTest on 赵雅娟 with PID 9904 (started by Eve-赵雅娟 in E:\IdeaProjects\schoolo2o)
2018-06-30 19:06:32.031 [main] INFO  cn.schoolo2o.schoolo2o.service.ShopServiceTest - No active profile set, falling back to default profiles: default
2018-06-30 19:06:38.532 [main] INFO  cn.schoolo2o.schoolo2o.service.ShopServiceTest - Started ShopServiceTest in 7.458 seconds (JVM running for 9.799)
2018-06-30 22:03:35.931 [main] INFO  cn.schoolo2o.schoolo2o.service.ShopServiceTest - Starting ShopServiceTest on 赵雅娟 with PID 8932 (started by Eve-赵雅娟 in E:\IdeaProjects\schoolo2o)
2018-06-30 22:03:35.939 [main] INFO  cn.schoolo2o.schoolo2o.service.ShopServiceTest - No active profile set, falling back to default profiles: default
2018-06-30 22:05:38.637 [main] INFO  cn.schoolo2o.schoolo2o.service.ShopServiceTest - Starting ShopServiceTest on 赵雅娟 with PID 2516 (started by Eve-赵雅娟 in E:\IdeaProjects\schoolo2o)
2018-06-30 22:05:38.677 [main] INFO  cn.schoolo2o.schoolo2o.service.ShopServiceTest - No active profile set, falling back to default profiles: default
2018-06-30 22:10:08.284 [main] INFO  cn.schoolo2o.schoolo2o.service.ShopServiceTest - Starting ShopServiceTest on 赵雅娟 with PID 16048 (started by Eve-赵雅娟 in E:\IdeaProjects\schoolo2o)
2018-06-30 22:10:08.294 [main] INFO  cn.schoolo2o.schoolo2o.service.ShopServiceTest - No active profile set, falling back to default profiles: default
2018-06-30 22:15:45.400 [main] INFO  cn.schoolo2o.schoolo2o.service.ShopServiceTest - Starting ShopServiceTest on 赵雅娟 with PID 13128 (started by Eve-赵雅娟 in E:\IdeaProjects\schoolo2o)
2018-06-30 22:15:45.407 [main] INFO  cn.schoolo2o.schoolo2o.service.ShopServiceTest - No active profile set, falling back to default profiles: default
2018-06-30 22:18:04.407 [main] INFO  cn.schoolo2o.schoolo2o.service.ShopServiceTest - Starting ShopServiceTest on 赵雅娟 with PID 16040 (started by Eve-赵雅娟 in E:\IdeaProjects\schoolo2o)
2018-06-30 22:18:04.419 [main] INFO  cn.schoolo2o.schoolo2o.service.ShopServiceTest - No active profile set, falling back to default profiles: default
2018-06-30 22:19:48.284 [main] INFO  cn.schoolo2o.schoolo2o.service.ShopServiceTest - Starting ShopServiceTest on 赵雅娟 with PID 3480 (started by Eve-赵雅娟 in E:\IdeaProjects\schoolo2o)
2018-06-30 22:19:48.314 [main] INFO  cn.schoolo2o.schoolo2o.service.ShopServiceTest - No active profile set, falling back to default profiles: default
2018-06-30 22:23:05.817 [main] INFO  cn.schoolo2o.schoolo2o.service.ShopServiceTest - Starting ShopServiceTest on 赵雅娟 with PID 10264 (started by Eve-赵雅娟 in E:\IdeaProjects\schoolo2o)
2018-06-30 22:23:05.822 [main] INFO  cn.schoolo2o.schoolo2o.service.ShopServiceTest - No active profile set, falling back to default profiles: default
2018-06-30 22:25:47.382 [main] INFO  cn.schoolo2o.schoolo2o.service.ShopServiceTest - Starting ShopServiceTest on 赵雅娟 with PID 4140 (started by Eve-赵雅娟 in E:\IdeaProjects\schoolo2o)
2018-06-30 22:25:47.382 [main] INFO  cn.schoolo2o.schoolo2o.service.ShopServiceTest - No active profile set, falling back to default profiles: default
2018-06-30 22:27:36.791 [main] INFO  cn.schoolo2o.schoolo2o.service.ShopServiceTest - Starting ShopServiceTest on 赵雅娟 with PID 15172 (started by Eve-赵雅娟 in E:\IdeaProjects\schoolo2o)
2018-06-30 22:27:36.809 [main] INFO  cn.schoolo2o.schoolo2o.service.ShopServiceTest - No active profile set, falling back to default profiles: default
2018-06-30 22:29:13.717 [main] INFO  cn.schoolo2o.schoolo2o.service.ShopServiceTest - Starting ShopServiceTest on 赵雅娟 with PID 13744 (started by Eve-赵雅娟 in E:\IdeaProjects\schoolo2o)
2018-06-30 22:29:13.728 [main] INFO  cn.schoolo2o.schoolo2o.service.ShopServiceTest - No active profile set, falling back to default profiles: default
2018-06-30 22:29:19.443 [main] INFO  cn.schoolo2o.schoolo2o.service.ShopServiceTest - Started ShopServiceTest in 6.601 seconds (JVM running for 8.869)
2018-06-30 22:36:41.096 [main] INFO  cn.schoolo2o.schoolo2o.Schoolo2oApplication - Starting Schoolo2oApplication on 赵雅娟 with PID 12088 (E:\IdeaProjects\schoolo2o\target\classes started by Eve-赵雅娟 in E:\IdeaProjects\schoolo2o)
2018-06-30 22:36:41.109 [main] INFO  cn.schoolo2o.schoolo2o.Schoolo2oApplication - No active profile set, falling back to default profiles: default
2018-06-30 22:36:44.300 [main] INFO  cn.schoolo2o.schoolo2o.Schoolo2oApplication - Started Schoolo2oApplication in 3.658 seconds (JVM running for 6.123)
2018-06-30 22:49:32.514 [main] INFO  cn.schoolo2o.schoolo2o.Schoolo2oApplication - Starting Schoolo2oApplication on 赵雅娟 with PID 14004 (E:\IdeaProjects\schoolo2o\target\classes started by Eve-赵雅娟 in E:\IdeaProjects\schoolo2o)
2018-06-30 22:49:32.519 [main] INFO  cn.schoolo2o.schoolo2o.Schoolo2oApplication - No active profile set, falling back to default profiles: default
2018-06-30 22:49:36.683 [main] INFO  cn.schoolo2o.schoolo2o.Schoolo2oApplication - Started Schoolo2oApplication in 4.84 seconds (JVM running for 6.466)
2018-06-30 22:54:00.829 [main] INFO  cn.schoolo2o.schoolo2o.Schoolo2oApplication - Starting Schoolo2oApplication on 赵雅娟 with PID 3084 (E:\IdeaProjects\schoolo2o\target\classes started by Eve-赵雅娟 in E:\IdeaProjects\schoolo2o)
2018-06-30 22:54:00.836 [main] INFO  cn.schoolo2o.schoolo2o.Schoolo2oApplication - No active profile set, falling back to default profiles: default
2018-06-30 22:54:04.501 [main] INFO  cn.schoolo2o.schoolo2o.Schoolo2oApplication - Started Schoolo2oApplication in 4.324 seconds (JVM running for 6.175)
2018-06-30 23:15:59.529 [main] INFO  cn.schoolo2o.schoolo2o.Schoolo2oApplication - Starting Schoolo2oApplication on 赵雅娟 with PID 7236 (E:\IdeaProjects\schoolo2o\target\classes started by Eve-赵雅娟 in E:\IdeaProjects\schoolo2o)
2018-06-30 23:15:59.536 [main] INFO  cn.schoolo2o.schoolo2o.Schoolo2oApplication - No active profile set, falling back to default profiles: default
2018-06-30 23:16:03.285 [main] INFO  cn.schoolo2o.schoolo2o.Schoolo2oApplication - Started Schoolo2oApplication in 4.396 seconds (JVM running for 5.912)
2018-06-30 23:17:31.959 [main] INFO  cn.schoolo2o.schoolo2o.Schoolo2oApplication - Starting Schoolo2oApplication on 赵雅娟 with PID 15972 (E:\IdeaProjects\schoolo2o\target\classes started by Eve-赵雅娟 in E:\IdeaProjects\schoolo2o)
2018-06-30 23:17:31.969 [main] INFO  cn.schoolo2o.schoolo2o.Schoolo2oApplication - No active profile set, falling back to default profiles: default
2018-06-30 23:17:36.944 [main] INFO  cn.schoolo2o.schoolo2o.Schoolo2oApplication - Started Schoolo2oApplication in 5.643 seconds (JVM running for 7.336)
2018-06-30 23:26:15.175 [main] INFO  cn.schoolo2o.schoolo2o.Schoolo2oApplication - Starting Schoolo2oApplication on 赵雅娟 with PID 1332 (E:\IdeaProjects\schoolo2o\target\classes started by Eve-赵雅娟 in E:\IdeaProjects\schoolo2o)
2018-06-30 23:26:15.215 [main] INFO  cn.schoolo2o.schoolo2o.Schoolo2oApplication - No active profile set, falling back to default profiles: default
2018-06-30 23:26:18.594 [main] INFO  cn.schoolo2o.schoolo2o.Schoolo2oApplication - Started Schoolo2oApplication in 3.953 seconds (JVM running for 6.224)
2018-06-30 23:28:17.364 [main] INFO  cn.schoolo2o.schoolo2o.Schoolo2oApplication - Starting Schoolo2oApplication on 赵雅娟 with PID 5008 (E:\IdeaProjects\schoolo2o\target\classes started by Eve-赵雅娟 in E:\IdeaProjects\schoolo2o)
2018-06-30 23:28:17.372 [main] INFO  cn.schoolo2o.schoolo2o.Schoolo2oApplication - No active profile set, falling back to default profiles: default
2018-06-30 23:28:23.304 [main] INFO  cn.schoolo2o.schoolo2o.Schoolo2oApplication - Started Schoolo2oApplication in 6.749 seconds (JVM running for 8.829)
2018-06-30 23:29:34.156 [main] INFO  cn.schoolo2o.schoolo2o.Schoolo2oApplication - Starting Schoolo2oApplication on 赵雅娟 with PID 12828 (E:\IdeaProjects\schoolo2o\target\classes started by Eve-赵雅娟 in E:\IdeaProjects\schoolo2o)
2018-06-30 23:29:34.173 [main] INFO  cn.schoolo2o.schoolo2o.Schoolo2oApplication - No active profile set, falling back to default profiles: default
2018-06-30 23:29:39.874 [main] INFO  cn.schoolo2o.schoolo2o.Schoolo2oApplication - Started Schoolo2oApplication in 6.651 seconds (JVM running for 9.048)
2018-06-30 23:31:27.857 [main] INFO  cn.schoolo2o.schoolo2o.Schoolo2oApplication - Starting Schoolo2oApplication on 赵雅娟 with PID 928 (E:\IdeaProjects\schoolo2o\target\classes started by Eve-赵雅娟 in E:\IdeaProjects\schoolo2o)
2018-06-30 23:31:27.880 [main] INFO  cn.schoolo2o.schoolo2o.Schoolo2oApplication - No active profile set, falling back to default profiles: default
2018-06-30 23:31:33.755 [main] INFO  cn.schoolo2o.schoolo2o.Schoolo2oApplication - Started Schoolo2oApplication in 6.772 seconds (JVM running for 8.651)
2018-06-30 23:32:30.546 [main] INFO  cn.schoolo2o.schoolo2o.Schoolo2oApplication - Starting Schoolo2oApplication on 赵雅娟 with PID 10576 (E:\IdeaProjects\schoolo2o\target\classes started by Eve-赵雅娟 in E:\IdeaProjects\schoolo2o)
2018-06-30 23:32:30.556 [main] INFO  cn.schoolo2o.schoolo2o.Schoolo2oApplication - No active profile set, falling back to default profiles: default
2018-06-30 23:32:36.057 [main] INFO  cn.schoolo2o.schoolo2o.Schoolo2oApplication - Started Schoolo2oApplication in 6.267 seconds (JVM running for 7.82)
2018-06-30 23:34:51.798 [main] INFO  cn.schoolo2o.schoolo2o.Schoolo2oApplication - Starting Schoolo2oApplication on 赵雅娟 with PID 13136 (E:\IdeaProjects\schoolo2o\target\classes started by Eve-赵雅娟 in E:\IdeaProjects\schoolo2o)
2018-06-30 23:34:51.824 [main] INFO  cn.schoolo2o.schoolo2o.Schoolo2oApplication - No active profile set, falling back to default profiles: default
2018-06-30 23:34:55.869 [main] INFO  cn.schoolo2o.schoolo2o.Schoolo2oApplication - Started Schoolo2oApplication in 4.808 seconds (JVM running for 6.573)
2018-06-30 23:35:40.221 [main] INFO  cn.schoolo2o.schoolo2o.Schoolo2oApplication - Starting Schoolo2oApplication on 赵雅娟 with PID 10964 (E:\IdeaProjects\schoolo2o\target\classes started by Eve-赵雅娟 in E:\IdeaProjects\schoolo2o)
2018-06-30 23:35:40.231 [main] INFO  cn.schoolo2o.schoolo2o.Schoolo2oApplication - No active profile set, falling back to default profiles: default
2018-06-30 23:35:43.748 [main] INFO  cn.schoolo2o.schoolo2o.Schoolo2oApplication - Started Schoolo2oApplication in 4.09 seconds (JVM running for 5.439)
